2010-09-19 20:21:25,518 [main] INFO  org.apache.stratum.component.ComponentLoader - loading component: name=torque class=org.apache.torque.Torque config=/home/gen/brihaspati/tdk-2.3_01/webapps/brihaspati2/WEB-INF/conf/Torque.properties
2010-09-19 20:21:40,970 [HttpProcessor[8080][4]] DEBUG org.iitk.brihaspati.modules.actions.TimetableAction - ActionEvent accepts all eventSubmit_do Keys
2010-09-19 20:21:40,970 [HttpProcessor[8080][4]] DEBUG org.iitk.brihaspati.modules.actions.TimetableAction - No Value required, accepting eventsubmit_doinit
2010-09-19 20:21:40,972 [HttpProcessor[8080][4]] DEBUG org.iitk.brihaspati.modules.actions.TimetableAction - Invoking public void org.iitk.brihaspati.modules.actions.TimetableAction.doInit(org.apache.turbine.util.RunData,org.apache.velocity.context.Context) throws java.lang.Exception
2010-09-19 20:21:49,639 [HttpProcessor[8080][4]] DEBUG org.iitk.brihaspati.modules.actions.GenerateTimeTable - ActionEvent accepts all eventSubmit_do Keys
2010-09-19 20:21:49,664 [HttpProcessor[8080][4]] DEBUG org.iitk.brihaspati.modules.actions.GenerateTimeTable - No Value required, accepting eventsubmit_doverification
2010-09-19 20:21:49,665 [HttpProcessor[8080][4]] DEBUG org.iitk.brihaspati.modules.actions.GenerateTimeTable - Invoking public void org.iitk.brihaspati.modules.actions.GenerateTimeTable.doVerification(org.apache.turbine.util.RunData,org.apache.velocity.context.Context)
2010-09-19 20:22:01,173 [HttpProcessor[8080][4]] DEBUG org.iitk.brihaspati.modules.actions.GenerateTimeTable - ActionEvent accepts all eventSubmit_do Keys
2010-09-19 20:22:01,175 [HttpProcessor[8080][4]] DEBUG org.iitk.brihaspati.modules.actions.GenerateTimeTable - No Value required, accepting eventsubmit_doverification
2010-09-19 20:22:01,176 [HttpProcessor[8080][4]] DEBUG org.iitk.brihaspati.modules.actions.GenerateTimeTable - Invoking public void org.iitk.brihaspati.modules.actions.GenerateTimeTable.doVerification(org.apache.turbine.util.RunData,org.apache.velocity.context.Context)
2010-09-19 20:22:06,201 [HttpProcessor[8080][4]] DEBUG org.iitk.brihaspati.modules.actions.TimetableAction - ActionEvent accepts all eventSubmit_do Keys
2010-09-19 20:22:06,201 [HttpProcessor[8080][4]] DEBUG org.iitk.brihaspati.modules.actions.TimetableAction - No Value required, accepting eventsubmit_doinit
2010-09-19 20:22:06,201 [HttpProcessor[8080][4]] DEBUG org.iitk.brihaspati.modules.actions.TimetableAction - Invoking public void org.iitk.brihaspati.modules.actions.TimetableAction.doInit(org.apache.turbine.util.RunData,org.apache.velocity.context.Context) throws java.lang.Exception
2010-09-19 20:22:07,627 [HttpProcessor[8080][3]] DEBUG org.iitk.brihaspati.modules.actions.GenerateTimeTable - ActionEvent accepts all eventSubmit_do Keys
2010-09-19 20:22:07,629 [HttpProcessor[8080][3]] DEBUG org.iitk.brihaspati.modules.actions.GenerateTimeTable - No Value required, accepting eventsubmit_dogenerate
2010-09-19 20:22:07,629 [HttpProcessor[8080][3]] DEBUG org.iitk.brihaspati.modules.actions.GenerateTimeTable - Invoking public void org.iitk.brihaspati.modules.actions.GenerateTimeTable.doGenerate(org.apache.turbine.util.RunData,org.apache.velocity.context.Context)
2010-09-19 20:22:20,606 [HttpProcessor[8080][3]] DEBUG org.iitk.brihaspati.modules.actions.GenerateTimeTable - ActionEvent accepts all eventSubmit_do Keys
2010-09-19 20:22:20,610 [HttpProcessor[8080][3]] DEBUG org.iitk.brihaspati.modules.actions.GenerateTimeTable - No Value required, accepting eventsubmit_doverification
2010-09-19 20:22:20,610 [HttpProcessor[8080][3]] DEBUG org.iitk.brihaspati.modules.actions.GenerateTimeTable - Invoking public void org.iitk.brihaspati.modules.actions.GenerateTimeTable.doVerification(org.apache.turbine.util.RunData,org.apache.velocity.context.Context)
2010-09-19 20:22:25,155 [HttpProcessor[8080][4]] DEBUG org.iitk.brihaspati.modules.actions.GenerateTimeTable - ActionEvent accepts all eventSubmit_do Keys
2010-09-19 20:22:25,159 [HttpProcessor[8080][4]] DEBUG org.iitk.brihaspati.modules.actions.GenerateTimeTable - No Value required, accepting eventsubmit_doverification
2010-09-19 20:22:25,159 [HttpProcessor[8080][4]] DEBUG org.iitk.brihaspati.modules.actions.GenerateTimeTable - Invoking public void org.iitk.brihaspati.modules.actions.GenerateTimeTable.doVerification(org.apache.turbine.util.RunData,org.apache.velocity.context.Context)
2010-09-19 20:22:26,553 [HttpProcessor[8080][3]] DEBUG org.iitk.brihaspati.modules.actions.GenerateTimeTable - ActionEvent accepts all eventSubmit_do Keys
2010-09-19 20:22:26,557 [HttpProcessor[8080][3]] DEBUG org.iitk.brihaspati.modules.actions.GenerateTimeTable - No Value required, accepting eventsubmit_docommit
2010-09-19 20:22:26,557 [HttpProcessor[8080][3]] DEBUG org.iitk.brihaspati.modules.actions.GenerateTimeTable - Invoking public void org.iitk.brihaspati.modules.actions.GenerateTimeTable.doCommit(org.apache.turbine.util.RunData,org.apache.velocity.context.Context)
2010-09-19 20:22:30,447 [HttpProcessor[8080][4]] DEBUG org.iitk.brihaspati.modules.actions.TimetableAction - ActionEvent accepts all eventSubmit_do Keys
2010-09-19 20:22:30,447 [HttpProcessor[8080][4]] DEBUG org.iitk.brihaspati.modules.actions.TimetableAction - No Value required, accepting eventsubmit_doinit
2010-09-19 20:22:30,447 [HttpProcessor[8080][4]] DEBUG org.iitk.brihaspati.modules.actions.TimetableAction - Invoking public void org.iitk.brihaspati.modules.actions.TimetableAction.doInit(org.apache.turbine.util.RunData,org.apache.velocity.context.Context) throws java.lang.Exception
2010-09-19 20:22:47,518 [HttpProcessor[8080][3]] DEBUG org.iitk.brihaspati.modules.actions.GenerateTimeTable - ActionEvent accepts all eventSubmit_do Keys
2010-09-19 20:22:47,521 [HttpProcessor[8080][3]] DEBUG org.iitk.brihaspati.modules.actions.GenerateTimeTable - No Value required, accepting eventsubmit_doverification
2010-09-19 20:22:47,521 [HttpProcessor[8080][3]] DEBUG org.iitk.brihaspati.modules.actions.GenerateTimeTable - Invoking public void org.iitk.brihaspati.modules.actions.GenerateTimeTable.doVerification(org.apache.turbine.util.RunData,org.apache.velocity.context.Context)
2010-09-19 20:22:49,967 [HttpProcessor[8080][4]] DEBUG org.iitk.brihaspati.modules.actions.GenerateTimeTable - ActionEvent accepts all eventSubmit_do Keys
2010-09-19 20:22:49,971 [HttpProcessor[8080][4]] DEBUG org.iitk.brihaspati.modules.actions.GenerateTimeTable - No Value required, accepting eventsubmit_docommit
2010-09-19 20:22:49,971 [HttpProcessor[8080][4]] DEBUG org.iitk.brihaspati.modules.actions.GenerateTimeTable - Invoking public void org.iitk.brihaspati.modules.actions.GenerateTimeTable.doCommit(org.apache.turbine.util.RunData,org.apache.velocity.context.Context)
2010-09-19 20:22:52,133 [HttpProcessor[8080][3]] DEBUG org.iitk.brihaspati.modules.actions.TimetableAction - ActionEvent accepts all eventSubmit_do Keys
2010-09-19 20:22:52,133 [HttpProcessor[8080][3]] DEBUG org.iitk.brihaspati.modules.actions.TimetableAction - No Value required, accepting eventsubmit_doinit
2010-09-19 20:22:52,133 [HttpProcessor[8080][3]] DEBUG org.iitk.brihaspati.modules.actions.TimetableAction - Invoking public void org.iitk.brihaspati.modules.actions.TimetableAction.doInit(org.apache.turbine.util.RunData,org.apache.velocity.context.Context) throws java.lang.Exception
2010-09-19 20:23:06,077 [HttpProcessor[8080][4]] DEBUG org.iitk.brihaspati.modules.actions.TimetableAction - ActionEvent accepts all eventSubmit_do Keys
2010-09-19 20:23:06,077 [HttpProcessor[8080][4]] DEBUG org.iitk.brihaspati.modules.actions.TimetableAction - No Value required, accepting eventsubmit_doinit
2010-09-19 20:23:06,077 [HttpProcessor[8080][4]] DEBUG org.iitk.brihaspati.modules.actions.TimetableAction - Invoking public void org.iitk.brihaspati.modules.actions.TimetableAction.doInit(org.apache.turbine.util.RunData,org.apache.velocity.context.Context) throws java.lang.Exception
2010-09-19 20:23:08,452 [HttpProcessor[8080][3]] DEBUG org.iitk.brihaspati.modules.actions.TimetableAction - ActionEvent accepts all eventSubmit_do Keys
2010-09-19 20:23:08,452 [HttpProcessor[8080][3]] DEBUG org.iitk.brihaspati.modules.actions.TimetableAction - No Value required, accepting eventsubmit_doinit
2010-09-19 20:23:08,452 [HttpProcessor[8080][3]] DEBUG org.iitk.brihaspati.modules.actions.TimetableAction - Invoking public void org.iitk.brihaspati.modules.actions.TimetableAction.doInit(org.apache.turbine.util.RunData,org.apache.velocity.context.Context) throws java.lang.Exception
