2010-10-06 19:58:53,770 [main] DEBUG velocity - SimpleLog4JLogSystem using category 'velocity'
2010-10-06 19:58:53,770 [main] INFO  velocity - ************************************************************** 
2010-10-06 19:58:53,770 [main] INFO  velocity - Starting Jakarta Velocity v1.3.1
2010-10-06 19:58:53,770 [main] INFO  velocity - RuntimeInstance initializing.
2010-10-06 19:58:53,770 [main] INFO  velocity - Default Properties File: org/apache/velocity/runtime/defaults/velocity.properties
2010-10-06 19:58:53,770 [main] INFO  velocity - Trying to use logger class org.apache.velocity.runtime.log.SimpleLog4JLogSystem
2010-10-06 19:58:53,770 [main] INFO  velocity - Using logger class org.apache.velocity.runtime.log.SimpleLog4JLogSystem
2010-10-06 19:58:53,773 [main] INFO  velocity - Default ResourceManager initializing. (class org.apache.velocity.runtime.resource.ResourceManagerImpl)
2010-10-06 19:58:53,775 [main] INFO  velocity - Resource Loader Instantiated: org.apache.velocity.runtime.resource.loader.FileResourceLoader
2010-10-06 19:58:53,775 [main] INFO  velocity - FileResourceLoader : initialization starting.
2010-10-06 19:58:53,775 [main] INFO  velocity - FileResourceLoader : adding path '/home/gen/brihaspati/tdk-2.3_01/webapps/brihaspati2/templates/app'
2010-10-06 19:58:53,775 [main] INFO  velocity - FileResourceLoader : adding path '/home/gen/brihaspati/tdk-2.3_01/webapps/brihaspati2/templates/flux'
2010-10-06 19:58:53,775 [main] INFO  velocity - FileResourceLoader : initialization complete.
2010-10-06 19:58:53,776 [main] INFO  velocity - Resource Loader Instantiated: org.apache.velocity.runtime.resource.loader.ClasspathResourceLoader
2010-10-06 19:58:53,776 [main] INFO  velocity - ClasspathResourceLoader : initialization starting.
2010-10-06 19:58:53,776 [main] INFO  velocity - ClasspathResourceLoader : initialization complete.
2010-10-06 19:58:53,777 [main] INFO  velocity - ResourceCache : initialized. (class org.apache.velocity.runtime.resource.ResourceCacheImpl)
2010-10-06 19:58:53,777 [main] INFO  velocity - Default ResourceManager initialization complete.
2010-10-06 19:58:53,778 [main] INFO  velocity - Loaded System Directive: org.apache.velocity.runtime.directive.Literal
2010-10-06 19:58:53,779 [main] INFO  velocity - Loaded System Directive: org.apache.velocity.runtime.directive.Macro
2010-10-06 19:58:53,780 [main] INFO  velocity - Loaded System Directive: org.apache.velocity.runtime.directive.Parse
2010-10-06 19:58:53,782 [main] INFO  velocity - Loaded System Directive: org.apache.velocity.runtime.directive.Include
2010-10-06 19:58:53,783 [main] INFO  velocity - Loaded System Directive: org.apache.velocity.runtime.directive.Foreach
2010-10-06 19:58:53,814 [main] INFO  velocity - Created: 20 parsers.
2010-10-06 19:58:53,814 [main] INFO  velocity - Velocimacro : initialization starting.
2010-10-06 19:58:53,814 [main] INFO  velocity - Velocimacro : adding VMs from VM library template : GlobalMacros.vm
2010-10-06 19:58:53,827 [main] INFO  velocity - Velocimacro : added new VM : #text( text ) : source = GlobalMacros.vm
2010-10-06 19:58:53,828 [main] INFO  velocity - Velocimacro : added new VM : #formLabel( label ) : source = GlobalMacros.vm
2010-10-06 19:58:53,829 [main] INFO  velocity - Velocimacro : added new VM : #formTextField( name value ) : source = GlobalMacros.vm
2010-10-06 19:58:53,829 [main] INFO  velocity - Velocimacro : added new VM : #textField( name value size ) : source = GlobalMacros.vm
2010-10-06 19:58:53,830 [main] INFO  velocity - Velocimacro : added new VM : #listBox( list ) : source = GlobalMacros.vm
2010-10-06 19:58:53,831 [main] INFO  velocity - Velocimacro : added new VM : #formPasswordCell( label name value ) : source = GlobalMacros.vm
2010-10-06 19:58:53,833 [main] INFO  velocity - Velocimacro : added new VM : #formCell( label name value ) : source = GlobalMacros.vm
2010-10-06 19:58:53,834 [main] INFO  velocity - Velocimacro : added new VM : #fileUploadField( name ) : source = GlobalMacros.vm
2010-10-06 19:58:53,834 [main] INFO  velocity - Velocimacro : added new VM : #fileUpload( label name ) : source = GlobalMacros.vm
2010-10-06 19:58:53,837 [main] INFO  velocity - Velocimacro : added new VM : #formCheckBox( label name checked ) : source = GlobalMacros.vm
2010-10-06 19:58:53,837 [main] INFO  velocity - Velocimacro : added new VM : #formListBox( label list ) : source = GlobalMacros.vm
2010-10-06 19:58:53,839 [main] INFO  velocity - Velocimacro : added new VM : #headerCell( body ) : source = GlobalMacros.vm
2010-10-06 19:58:53,839 [main] INFO  velocity - Velocimacro : added new VM : #entryCell( body ) : source = GlobalMacros.vm
2010-10-06 19:58:53,840 [main] INFO  velocity - Velocimacro : added new VM : #entry1Cell( label body ) : source = GlobalMacros.vm
2010-10-06 19:58:53,862 [main] INFO  velocity - ResourceManager : found GlobalMacros.vm with loader org.apache.velocity.runtime.resource.loader.FileResourceLoader
2010-10-06 19:58:53,862 [main] INFO  velocity - Velocimacro :  VM library template macro registration complete.
2010-10-06 19:58:53,862 [main] INFO  velocity - Velocimacro : adding VMs from VM library template : macros/TurbineMacros.vm
2010-10-06 19:58:53,875 [main] INFO  velocity - Velocimacro : added new VM : #TurbineHtmlHead( ) : source = macros/TurbineMacros.vm
2010-10-06 19:58:53,876 [main] INFO  velocity - Velocimacro : added new VM : #TurbineHtmlBodyAttributes( ) : source = macros/TurbineMacros.vm
2010-10-06 19:58:53,880 [main] INFO  velocity - ResourceManager : found macros/TurbineMacros.vm with loader org.apache.velocity.runtime.resource.loader.ClasspathResourceLoader
2010-10-06 19:58:53,880 [main] INFO  velocity - Velocimacro :  VM library template macro registration complete.
2010-10-06 19:58:53,880 [main] INFO  velocity - Velocimacro : allowInline = true : VMs can be defined inline in templates
2010-10-06 19:58:53,880 [main] INFO  velocity - Velocimacro : allowInlineToOverride = false : VMs defined inline may NOT replace previous VM definitions
2010-10-06 19:58:53,880 [main] INFO  velocity - Velocimacro : allowInlineLocal = false : VMs defined inline will be  global in scope if allowed.
2010-10-06 19:58:53,880 [main] INFO  velocity - Velocimacro : messages on  : VM system will output logging messages
2010-10-06 19:58:53,880 [main] INFO  velocity - Velocimacro : autoload off  : VM system will not automatically reload global library macros
2010-10-06 19:58:53,880 [main] INFO  velocity - Velocimacro : initialization complete.
2010-10-06 19:58:53,880 [main] INFO  velocity - Velocity successfully started.
